#
# There is insufficient memory for the Java Runtime Environment to continue.
# Native memory allocation (malloc) failed to allocate 1175696 bytes for Chunk::new
# Possible reasons:
#   The system is out of physical RAM or swap space
#   The process is running with CompressedOops enabled, and the Java Heap may be blocking the growth of the native heap
# Possible solutions:
#   Reduce memory load on the system
#   Increase physical memory or swap space
#   Check if swap backing store is full
#   Decrease Java heap size (-Xmx/-Xms)
#   Decrease number of Java threads
#   Decrease Java thread stack sizes (-Xss)
#   Set larger code cache with -XX:ReservedCodeCacheSize=
#   JVM is running with Zero Based Compressed Oops mode in which the Java heap is
#     placed in the first 32GB address space. The Java Heap base address is the
#     maximum limit for the native heap growth. Please use -XX:HeapBaseMinAddress
#     to set the Java Heap base and to place the Java Heap above 32GB virtual address.
# This output file may be truncated or incomplete.
#
#  Out of Memory Error (allocation.cpp:389), pid=21028, tid=0x0000000000001fc0
#
# JRE version: Java(TM) SE Runtime Environment (8.0_241-b07) (build 1.8.0_241-b07)
# Java VM: Java HotSpot(TM) 64-Bit Server VM (25.241-b07 mixed mode windows-amd64 compressed oops)
# Failed to write core dump. Minidumps are not enabled by default on client versions of Windows
#

---------------  T H R E A D  ---------------

Current thread (0x000000001e7c9000):  JavaThread "C2 CompilerThread2" daemon [_thread_in_native, id=8128, stack(0x00000000205f0000,0x00000000206f0000)]

Stack: [0x00000000205f0000,0x00000000206f0000]
[error occurred during error reporting (printing stack bounds), id 0xc0000005]

Native frames: (J=compiled Java code, j=interpreted, Vv=VM code, C=native code)


Current CompileTask:
C2:   3680 2372   !   4       org.codehaus.plexus.interpolation.StringSearchInterpolator::interpolate (650 bytes)


---------------  P R O C E S S  ---------------

Java Threads: ( => current thread )
  0x000000001e8b5800 JavaThread "Service Thread" daemon [_thread_blocked, id=3688, stack(0x00000000210f0000,0x00000000211f0000)]
  0x000000001e830800 JavaThread "C1 CompilerThread11" daemon [_thread_blocked, id=23608, stack(0x0000000020ff0000,0x00000000210f0000)]
  0x000000001e82c000 JavaThread "C1 CompilerThread10" daemon [_thread_blocked, id=8540, stack(0x0000000020ef0000,0x0000000020ff0000)]
  0x000000001e7f1000 JavaThread "C1 CompilerThread9" daemon [_thread_blocked, id=27372, stack(0x0000000020cf0000,0x0000000020df0000)]
  0x000000001e7f0800 JavaThread "C1 CompilerThread8" daemon [_thread_blocked, id=23808, stack(0x0000000020bf0000,0x0000000020cf0000)]
  0x000000001e7e7800 JavaThread "C2 CompilerThread7" daemon [_thread_in_native, id=21724, stack(0x0000000020af0000,0x0000000020bf0000)]
  0x000000001e7e4000 JavaThread "C2 CompilerThread6" daemon [_thread_blocked, id=8776, stack(0x00000000209f0000,0x0000000020af0000)]
  0x000000001e7cf000 JavaThread "C2 CompilerThread5" daemon [_thread_blocked, id=21832, stack(0x00000000208f0000,0x00000000209f0000)]
  0x000000001e7ce800 JavaThread "C2 CompilerThread4" daemon [_thread_in_native, id=21272, stack(0x00000000207f0000,0x00000000208f0000)]
  0x000000001e7c9800 JavaThread "C2 CompilerThread3" daemon [_thread_in_native, id=21968, stack(0x00000000206f0000,0x00000000207f0000)]
=>0x000000001e7c9000 JavaThread "C2 CompilerThread2" daemon [_thread_in_native, id=8128, stack(0x00000000205f0000,0x00000000206f0000)]
  0x000000001e7c6000 JavaThread "C2 CompilerThread1" daemon [_thread_blocked, id=27432, stack(0x00000000204f0000,0x00000000205f0000)]
  0x000000001e7c2800 JavaThread "C2 CompilerThread0" daemon [_thread_blocked, id=10028, stack(0x00000000203f0000,0x00000000204f0000)]
  0x000000001e7bb800 JavaThread "Monitor Ctrl-Break" daemon [_thread_in_native, id=28368, stack(0x00000000202f0000,0x00000000203f0000)]
  0x000000001e790800 JavaThread "Attach Listener" daemon [_thread_blocked, id=8988, stack(0x00000000201f0000,0x00000000202f0000)]
  0x000000001e737000 JavaThread "Signal Dispatcher" daemon [_thread_blocked, id=22548, stack(0x00000000200f0000,0x00000000201f0000)]
  0x000000001ccc5800 JavaThread "Finalizer" daemon [_thread_blocked, id=3288, stack(0x000000001ff80000,0x0000000020080000)]
  0x000000001e716000 JavaThread "Reference Handler" daemon [_thread_blocked, id=18956, stack(0x000000001fe80000,0x000000001ff80000)]
  0x00000000031b2800 JavaThread "main" [_thread_in_Java, id=21136, stack(0x0000000002f40000,0x0000000003040000)]

Other Threads:
  0x000000001e6f5800 VMThread [stack: 0x000000001fd80000,0x000000001fe80000] [id=10184]
  0x000000001e88b800 WatcherThread [stack: 0x00000000211f0000,0x00000000212f0000] [id=14900]

VM state:not at safepoint (normal execution)

VM Mutex/Monitor currently owned by a thread:  ([mutex/lock_event])
[0x0000000002f3db20] CodeCache_lock - owner thread: 0x0000000000000000

heap address: 0x00000006ca400000, size: 3932 MB, Compressed Oops mode: Zero based, Oop shift amount: 3
Narrow klass base: 0x0000000000000000, Narrow klass shift: 3
Compressed class space size: 1073741824 Address: 0x00000007c0000000

Heap:
 PSYoungGen      total 73728K, used 56357K [0x000000076e180000, 0x0000000773380000, 0x00000007c0000000)
  eden space 63488K, 72% used [0x000000076e180000,0x0000000770e910b8,0x0000000771f80000)
  from space 10240K, 99% used [0x0000000772980000,0x0000000773378718,0x0000000773380000)
  to   space 10240K, 0% used [0x0000000771f80000,0x0000000771f80000,0x0000000772980000)
 ParOldGen       total 167936K, used 2700K [0x00000006ca400000, 0x00000006d4800000, 0x000000076e180000)
  object space 167936K, 1% used [0x00000006ca400000,0x00000006ca6a3110,0x00000006d4800000)
 Metaspace       used 15911K, capacity 16264K, committed 16384K, reserved 1062912K
  class space    used 1902K, capacity 2011K, committed 2048K, reserved 1048576K

Card table byte_map: [0x0000000012670000,0x0000000012e20000] byte_map_base: 0x000000000f01e000

Marking Bits: (ParMarkBitMap*) 0x000000007540be30
 Begin Bits: [0x0000000014040000, 0x0000000017db0000)
 End Bits:   [0x0000000017db0000, 0x000000001bb20000)

Polling page: 0x0000000001280000

CodeCache: size=245760Kb used=10755Kb max_used=10755Kb free=235004Kb
 bounds [0x00000000032b0000, 0x0000000003d40000, 0x00000000122b0000]
 total_blobs=3053 nmethods=2683 adapters=279
 compilation: enabled

Compilation events (10 events):
Event: 3.672 Thread 0x000000001e7f0800 nmethod 2678 0x0000000003d25910 code [0x0000000003d25a60, 0x0000000003d25b70]
Event: 3.672 Thread 0x000000001e82c000 2679       3       java.util.regex.Pattern::sequence (553 bytes)
Event: 3.674 Thread 0x000000001e7cf000 nmethod 2677 0x0000000003d30fd0 code [0x0000000003d31140, 0x0000000003d31568]
Event: 3.675 Thread 0x000000001e830800 2680       3       java.util.regex.Pattern::expr (142 bytes)
Event: 3.676 Thread 0x000000001e82c000 nmethod 2679 0x0000000003d31850 code [0x0000000003d31da0, 0x0000000003d34e78]
Event: 3.676 Thread 0x000000001e830800 nmethod 2680 0x0000000003d214d0 code [0x0000000003d21700, 0x0000000003d22348]
Event: 3.677 Thread 0x000000001e7f1000 2681       1       org.apache.maven.model.RepositoryPolicy::getChecksumPolicy (5 bytes)
Event: 3.677 Thread 0x000000001e7f1000 nmethod 2681 0x0000000003d21210 code [0x0000000003d21360, 0x0000000003d21470]
Event: 3.677 Thread 0x000000001e7f1000 2682       1       org.eclipse.aether.graph.Dependency::getArtifact (5 bytes)
Event: 3.677 Thread 0x000000001e7f1000 nmethod 2682 0x0000000003d20f50 code [0x0000000003d210a0, 0x0000000003d211b0]

GC Heap History (4 events):
Event: 1.936 GC heap before
{Heap before GC invocations=1 (full 0):
 PSYoungGen      total 73728K, used 63488K [0x000000076e180000, 0x0000000773380000, 0x00000007c0000000)
  eden space 63488K, 100% used [0x000000076e180000,0x0000000771f80000,0x0000000771f80000)
  from space 10240K, 0% used [0x0000000772980000,0x0000000772980000,0x0000000773380000)
  to   space 10240K, 0% used [0x0000000771f80000,0x0000000771f80000,0x0000000772980000)
 ParOldGen       total 167936K, used 0K [0x00000006ca400000, 0x00000006d4800000, 0x000000076e180000)
  object space 167936K, 0% used [0x00000006ca400000,0x00000006ca400000,0x00000006d4800000)
 Metaspace       used 10836K, capacity 10988K, committed 11136K, reserved 1058816K
  class space    used 1305K, capacity 1381K, committed 1408K, reserved 1048576K
Event: 1.949 GC heap after
Heap after GC invocations=1 (full 0):
 PSYoungGen      total 73728K, used 8576K [0x000000076e180000, 0x0000000773380000, 0x00000007c0000000)
  eden space 63488K, 0% used [0x000000076e180000,0x000000076e180000,0x0000000771f80000)
  from space 10240K, 83% used [0x0000000771f80000,0x00000007727e0110,0x0000000772980000)
  to   space 10240K, 0% used [0x0000000772980000,0x0000000772980000,0x0000000773380000)
 ParOldGen       total 167936K, used 16K [0x00000006ca400000, 0x00000006d4800000, 0x000000076e180000)
  object space 167936K, 0% used [0x00000006ca400000,0x00000006ca404000,0x00000006d4800000)
 Metaspace       used 10836K, capacity 10988K, committed 11136K, reserved 1058816K
  class space    used 1305K, capacity 1381K, committed 1408K, reserved 1048576K
}
Event: 3.402 GC heap before
{Heap before GC invocations=2 (full 0):
 PSYoungGen      total 73728K, used 72064K [0x000000076e180000, 0x0000000773380000, 0x00000007c0000000)
  eden space 63488K, 100% used [0x000000076e180000,0x0000000771f80000,0x0000000771f80000)
  from space 10240K, 83% used [0x0000000771f80000,0x00000007727e0110,0x0000000772980000)
  to   space 10240K, 0% used [0x0000000772980000,0x0000000772980000,0x0000000773380000)
 ParOldGen       total 167936K, used 16K [0x00000006ca400000, 0x00000006d4800000, 0x000000076e180000)
  object space 167936K, 0% used [0x00000006ca400000,0x00000006ca404000,0x00000006d4800000)
 Metaspace       used 15643K, capacity 15970K, committed 16128K, reserved 1062912K
  class space    used 1884K, capacity 1978K, committed 2048K, reserved 1048576K
Event: 3.416 GC heap after
Heap after GC invocations=2 (full 0):
 PSYoungGen      total 73728K, used 10209K [0x000000076e180000, 0x0000000773380000, 0x00000007c0000000)
  eden space 63488K, 0% used [0x000000076e180000,0x000000076e180000,0x0000000771f80000)
  from space 10240K, 99% used [0x0000000772980000,0x0000000773378718,0x0000000773380000)
  to   space 10240K, 0% used [0x0000000771f80000,0x0000000771f80000,0x0000000772980000)
 ParOldGen       total 167936K, used 2700K [0x00000006ca400000, 0x00000006d4800000, 0x000000076e180000)
  object space 167936K, 1% used [0x00000006ca400000,0x00000006ca6a3110,0x00000006d4800000)
 Metaspace       used 15643K, capacity 15970K, committed 16128K, reserved 1062912K
  class space    used 1884K, capacity 1978K, committed 2048K, reserved 1048576K
}

Deoptimization events (10 events):
Event: 3.395 Thread 0x00000000031b2800 Uncommon trap: reason=unstable_if action=reinterpret pc=0x0000000003aec37c method=org.codehaus.plexus.util.xml.pull.MXParser.nextImpl()I @ 879
Event: 3.460 Thread 0x00000000031b2800 Uncommon trap: reason=unstable_if action=reinterpret pc=0x0000000003caf134 method=org.codehaus.plexus.util.xml.pull.MXParser.nextImpl()I @ 310
Event: 3.505 Thread 0x00000000031b2800 Uncommon trap: reason=unstable_if action=reinterpret pc=0x0000000003aa090c method=java.lang.String.regionMatches(ZILjava/lang/String;II)Z @ 25
Event: 3.563 Thread 0x00000000031b2800 Uncommon trap: reason=null_check action=make_not_entrant pc=0x0000000003cde020 method=org.apache.maven.bridge.MavenRepositorySystem.createArtifactX(Ljava/lang/String;Ljava/lang/String;Lorg/apache/maven/artifact/versioning/VersionRange;Ljava/lang/String;Lj
Event: 3.574 Thread 0x00000000031b2800 Uncommon trap: reason=null_check action=make_not_entrant pc=0x0000000003cd7660 method=org.apache.maven.bridge.MavenRepositorySystem.createArtifactX(Ljava/lang/String;Ljava/lang/String;Lorg/apache/maven/artifact/versioning/VersionRange;Ljava/lang/String;Lj
Event: 3.609 Thread 0x00000000031b2800 Uncommon trap: reason=unstable_if action=reinterpret pc=0x0000000003cc9288 method=org.apache.maven.model.Dependency.clone()Lorg/apache/maven/model/Dependency; @ 76
Event: 3.668 Thread 0x00000000031b2800 Uncommon trap: reason=bimorphic action=maybe_recompile pc=0x0000000003cd470c method=java.util.WeakHashMap.eq(Ljava/lang/Object;Ljava/lang/Object;)Z @ 7
Event: 3.668 Thread 0x00000000031b2800 Uncommon trap: reason=bimorphic action=maybe_recompile pc=0x0000000003cd470c method=java.util.WeakHashMap.eq(Ljava/lang/Object;Ljava/lang/Object;)Z @ 7
Event: 3.668 Thread 0x00000000031b2800 Uncommon trap: reason=bimorphic action=maybe_recompile pc=0x0000000003cd470c method=java.util.WeakHashMap.eq(Ljava/lang/Object;Ljava/lang/Object;)Z @ 7
Event: 3.671 Thread 0x00000000031b2800 Uncommon trap: reason=null_check action=make_not_entrant pc=0x0000000003d305a8 method=org.apache.maven.model.io.xpp3.MavenXpp3Reader.checkFieldWithDuplicate(Lorg/codehaus/plexus/util/xml/pull/XmlPullParser;Ljava/lang/String;Ljava/lang/String;Ljava/util/Se

Classes redefined (0 events):
No events

Internal exceptions (10 events):
Event: 1.556 Thread 0x00000000031b2800 Exception <a 'java/lang/ArrayIndexOutOfBoundsException'> (0x0000000770b4fd40) thrown at [C:\ade\jenkins\workspace\8-2-build-windows-amd64-cygwin\jdk8u241\331\hotspot\src\share\vm\runtime\sharedRuntime.cpp, line 605]
Event: 1.629 Thread 0x00000000031b2800 Exception <a 'java/lang/ArrayIndexOutOfBoundsException': 66> (0x0000000770e1e010) thrown at [C:\ade\jenkins\workspace\8-2-build-windows-amd64-cygwin\jdk8u241\331\hotspot\src\share\vm\interpreter\interpreterRuntime.cpp, line 368]
Event: 2.449 Thread 0x00000000031b2800 Exception <a 'java/lang/NoClassDefFoundError': com/google/inject/servlet/ServletModuleTargetVisitor> (0x000000076fcd1a50) thrown at [C:\ade\jenkins\workspace\8-2-build-windows-amd64-cygwin\jdk8u241\331\hotspot\src\share\vm\classfile\systemDictionary.cpp, 
Event: 2.449 Thread 0x00000000031b2800 Exception <a 'java/lang/NoClassDefFoundError'> (0x000000076fcd1a50) thrown at [C:\ade\jenkins\workspace\8-2-build-windows-amd64-cygwin\jdk8u241\331\hotspot\src\share\vm\prims\jvm.cpp, line 1506]
Event: 2.450 Thread 0x00000000031b2800 Exception <a 'java/lang/NoClassDefFoundError': javax/annotation/Priority> (0x000000076fcd6920) thrown at [C:\ade\jenkins\workspace\8-2-build-windows-amd64-cygwin\jdk8u241\331\hotspot\src\share\vm\classfile\systemDictionary.cpp, line 199]
Event: 2.579 Thread 0x00000000031b2800 Implicit null exception at 0x00000000036220d8 to 0x00000000036222b5
Event: 2.837 Thread 0x00000000031b2800 Implicit null exception at 0x000000000370fd96 to 0x0000000003710125
Event: 2.847 Thread 0x00000000031b2800 Implicit null exception at 0x000000000368ec16 to 0x000000000368efa1
Event: 3.008 Thread 0x00000000031b2800 Implicit null exception at 0x0000000003b24db9 to 0x0000000003b2604d
Event: 3.671 Thread 0x00000000031b2800 Implicit null exception at 0x0000000003d30343 to 0x0000000003d3058d

Events (10 events):
Event: 3.668 Thread 0x00000000031b2800 DEOPT UNPACKING pc=0x00000000032f583b sp=0x000000000303cfd8 mode 2
Event: 3.668 Thread 0x00000000031b2800 Uncommon trap: trap_request=0xffffffc6 fr.pc=0x0000000003cd470c
Event: 3.668 Thread 0x00000000031b2800 DEOPT PACKING pc=0x0000000003cd470c sp=0x000000000303d1b0
Event: 3.668 Thread 0x00000000031b2800 DEOPT UNPACKING pc=0x00000000032f583b sp=0x000000000303d0d8 mode 2
Event: 3.668 Thread 0x00000000031b2800 Uncommon trap: trap_request=0xffffffc6 fr.pc=0x0000000003cd470c
Event: 3.668 Thread 0x00000000031b2800 DEOPT PACKING pc=0x0000000003cd470c sp=0x000000000303d1c0
Event: 3.668 Thread 0x00000000031b2800 DEOPT UNPACKING pc=0x00000000032f583b sp=0x000000000303d0e8 mode 2
Event: 3.671 Thread 0x00000000031b2800 Uncommon trap: trap_request=0xfffffff4 fr.pc=0x0000000003d305a8
Event: 3.671 Thread 0x00000000031b2800 DEOPT PACKING pc=0x0000000003d305a8 sp=0x000000000303cb80
Event: 3.671 Thread 0x00000000031b2800 DEOPT UNPACKING pc=0x00000000032f583b sp=0x000000000303cb40 mode 2


Dynamic libraries:
0x00007ff67d830000 - 0x00007ff67d867000 	D:\jdk-1.8_windows-x64_bin\bin\java.exe
0x00007ffedf770000 - 0x00007ffedf987000 	C:\WINDOWS\SYSTEM32\ntdll.dll
0x00007ffedd760000 - 0x00007ffedd824000 	C:\WINDOWS\System32\KERNEL32.DLL
0x00007ffedd070000 - 0x00007ffedd429000 	C:\WINDOWS\System32\KERNELBASE.dll
0x00007ffedd4b0000 - 0x00007ffedd562000 	C:\WINDOWS\System32\ADVAPI32.dll
0x00007ffedde10000 - 0x00007ffeddeb7000 	C:\WINDOWS\System32\msvcrt.dll
0x00007ffedeff0000 - 0x00007ffedf097000 	C:\WINDOWS\System32\sechost.dll
0x00007ffedd430000 - 0x00007ffedd458000 	C:\WINDOWS\System32\bcrypt.dll
0x00007ffedf1b0000 - 0x00007ffedf2c4000 	C:\WINDOWS\System32\RPCRT4.dll
0x00007ffedee30000 - 0x00007ffedefde000 	C:\WINDOWS\System32\USER32.dll
0x00007ffedd460000 - 0x00007ffedd486000 	C:\WINDOWS\System32\win32u.dll
0x00007ffedf470000 - 0x00007ffedf499000 	C:\WINDOWS\System32\GDI32.dll
0x00007ffedceb0000 - 0x00007ffedcfcb000 	C:\WINDOWS\System32\gdi32full.dll
0x00007ffedcfd0000 - 0x00007ffedd06a000 	C:\WINDOWS\System32\msvcp_win.dll
0x00007ffedcc20000 - 0x00007ffedcd31000 	C:\WINDOWS\System32\ucrtbase.dll
0x00007ffece210000 - 0x00007ffece4a2000 	C:\WINDOWS\WinSxS\amd64_microsoft.windows.common-controls_6595b64144ccf1df_6.0.22621.4391_none_2715d37f73803e96\COMCTL32.dll
0x00007ffedf4a0000 - 0x00007ffedf4d1000 	C:\WINDOWS\System32\IMM32.DLL
0x0000000075490000 - 0x0000000075562000 	D:\jdk-1.8_windows-x64_bin\jre\bin\msvcr100.dll
0x0000000074be0000 - 0x000000007548c000 	D:\jdk-1.8_windows-x64_bin\jre\bin\server\jvm.dll
0x00007ffedf2d0000 - 0x00007ffedf2d8000 	C:\WINDOWS\System32\PSAPI.DLL
0x00007ffed4a20000 - 0x00007ffed4a2a000 	C:\WINDOWS\SYSTEM32\VERSION.dll
0x00007ffed66f0000 - 0x00007ffed66f9000 	C:\WINDOWS\SYSTEM32\WSOCK32.dll
0x00007ffed9140000 - 0x00007ffed9174000 	C:\WINDOWS\SYSTEM32\WINMM.dll
0x00007ffeddd90000 - 0x00007ffedde01000 	C:\WINDOWS\System32\WS2_32.dll
0x00007ffecfc10000 - 0x00007ffecfc1f000 	D:\jdk-1.8_windows-x64_bin\jre\bin\verify.dll
0x00007ffec5cd0000 - 0x00007ffec5cf9000 	D:\jdk-1.8_windows-x64_bin\jre\bin\java.dll
0x00007ffec5f00000 - 0x00007ffec5f23000 	D:\jdk-1.8_windows-x64_bin\jre\bin\instrument.dll
0x00007ffeceb50000 - 0x00007ffeceb66000 	D:\jdk-1.8_windows-x64_bin\jre\bin\zip.dll
0x00007ffeddf20000 - 0x00007ffede796000 	C:\WINDOWS\System32\SHELL32.dll
0x00007ffeda9b0000 - 0x00007ffedb2b3000 	C:\WINDOWS\SYSTEM32\windows.storage.dll
0x00007ffedd840000 - 0x00007ffeddbcf000 	C:\WINDOWS\System32\combase.dll
0x00007ffeda870000 - 0x00007ffeda9af000 	C:\WINDOWS\SYSTEM32\wintypes.dll
0x00007ffedf2e0000 - 0x00007ffedf3d9000 	C:\WINDOWS\System32\SHCORE.dll
0x00007ffeddec0000 - 0x00007ffeddf1e000 	C:\WINDOWS\System32\shlwapi.dll
0x00007ffedc9a0000 - 0x00007ffedc9cb000 	C:\WINDOWS\SYSTEM32\profapi.dll
0x00007ffed7de0000 - 0x00007ffed7dfa000 	D:\IntelliJ IDEA 2022.2.3\bin\breakgen64.dll
0x00007ffec5d50000 - 0x00007ffec5d6a000 	D:\jdk-1.8_windows-x64_bin\jre\bin\net.dll
0x00007ffedbf30000 - 0x00007ffedbf99000 	C:\WINDOWS\system32\mswsock.dll
0x00007ffedc180000 - 0x00007ffedc19b000 	C:\WINDOWS\SYSTEM32\CRYPTSP.dll
0x00007ffedba10000 - 0x00007ffedba45000 	C:\WINDOWS\system32\rsaenh.dll
0x00007ffedc020000 - 0x00007ffedc048000 	C:\WINDOWS\SYSTEM32\USERENV.dll
0x00007ffedcb30000 - 0x00007ffedcbab000 	C:\WINDOWS\System32\bcryptprimitives.dll
0x00007ffedc1a0000 - 0x00007ffedc1ac000 	C:\WINDOWS\SYSTEM32\CRYPTBASE.dll
0x00007ffedb520000 - 0x00007ffedb54d000 	C:\WINDOWS\SYSTEM32\IPHLPAPI.DLL
0x00007ffedefe0000 - 0x00007ffedefe9000 	C:\WINDOWS\System32\NSI.dll
0x00007ffed8460000 - 0x00007ffed8479000 	C:\WINDOWS\SYSTEM32\dhcpcsvc6.DLL
0x00007ffed83b0000 - 0x00007ffed83cf000 	C:\WINDOWS\SYSTEM32\dhcpcsvc.DLL
0x00007ffedb550000 - 0x00007ffedb652000 	C:\WINDOWS\SYSTEM32\DNSAPI.dll
0x00007ffec4200000 - 0x00007ffec4212000 	D:\jdk-1.8_windows-x64_bin\jre\bin\nio.dll
0x00007ffec5de0000 - 0x00007ffec5dea000 	C:\Users\guo'jin'jiang\AppData\Local\Temp\jansi-1.17.1-3761762613944963308.dll
0x00007ffec5dd0000 - 0x00007ffec5dda000 	C:\Users\guo'jin'jiang\AppData\Local\Temp\jansi-1.17.1-6141283329961199007.dll

VM Arguments:
jvm_args: -Dmaven.multiModuleProjectDirectory=D:\毕设\watermall1 -Dmaven.home=D:\maventools\apache-maven-3.6.1 -Dclassworlds.conf=D:\maventools\apache-maven-3.6.1\bin\m2.conf -Dmaven.ext.class.path=D:\IntelliJ IDEA 2022.2.3\plugins\maven\lib\maven-event-listener.jar -javaagent:D:\IntelliJ IDEA 2022.2.3\lib\idea_rt.jar=18172:D:\IntelliJ IDEA 2022.2.3\bin -Dfile.encoding=UTF-8 
java_command: org.codehaus.classworlds.Launcher -Didea.version=2022.2.3 -s D:\maventools\apache-maven-3.6.1\conf\settings.xml -Dmaven.repo.local=D:\maventools\apache-maven-3.6.1\maven_repository clean
java_class_path (initial): D:\maventools\apache-maven-3.6.1\boot\plexus-classworlds-2.6.0.jar;D:\IntelliJ IDEA 2022.2.3\lib\idea_rt.jar
Launcher Type: SUN_STANDARD

Environment Variables:
JAVA_HOME=D:\jdk-1.8_windows-x64_bin
PATH=D:\python\Scripts\;D:\python\;D:\Program Files (x86)\VMware\VMware Workstation\bin\;D:\jdk-1.8_windows-x64_bin\bin;C:\WINDOWS\system32;C:\WINDOWS;C:\WINDOWS\System32\Wbem;C:\WINDOWS\System32\WindowsPowerShell\v1.0\;C:\WINDOWS\System32\OpenSSH\;D:\java_Mysql\mysql-8.0.31-winx64\bin;D:\java_Mysql\mysql-8.0.31-winx64\bin;C:\Program Files\Common Files\Autodesk Shared\;C:\Program Files\Microsoft SQL Server\120\Tools\Binn\;D:\tomcat\apache-tomcat-8.5.82-windows-x64\apache-tomcat-8.5.82\bin;D:\maventools\apache-maven-3.6.1\bin;D:\vscode\mingw64\bin;D:\javatools\nvm\node_global、%NODE_HOME%、%NODE_HOME%\node_global、%CNPM_PATH%;:;;avatools\Git\Git\cmd;D:\R\common;D:\javatools\nvm;D:\javatools\nvm1;D:\javatools\nvm\node_global;D:\Gpg4win\..\GnuPG\bin;D:\javatools\Git\cmd;D:\javacode\linuxTools\;D:\javatools\微信web开发者工具\dll;D:\;C:\Users\guo'jin'jiang\AppData\Local\Microsoft\WindowsApps;C:\Program Files\Bandizip\;D:\ideal\IntelliJ IDEA Community Edition 2021.2\bin;;D:\IntelliJ IDEA 2022.2.1\bin;;D:\PyCharm 2022.1\bin;;D:\sdcc\bin;D:\vscode\Microsoft VS Code\bin;D:\javatools\nvm;D:\javatools\nvm1;D:\javatools\nvm\node_global;C:\Users\guo'jin'jiang\AppData\Roaming\npm
USERNAME=guo'jin'jiang
OS=Windows_NT
PROCESSOR_IDENTIFIER=AMD64 Family 23 Model 104 Stepping 1, AuthenticAMD



---------------  S Y S T E M  ---------------

OS: Windows 10.0 , 64 bit Build 22621 (10.0.22621.4391)

CPU:total 16 (initial active 16) (16 cores per cpu, 1 threads per core) family 23 model 104 stepping 1, cmov, cx8, fxsr, mmx, sse, sse2, sse3, ssse3, sse4.1, sse4.2, popcnt, avx, avx2, aes, clmul, mmxext, 3dnowpref, lzcnt, sse4a, tsc, tscinvbit, tscinv, bmi1

Memory: 4k page, physical 16100156k(1700660k free), swap 23504904k(9980k free)

vm_info: Java HotSpot(TM) 64-Bit Server VM (25.241-b07) for windows-amd64 JRE (1.8.0_241-b07), built on Dec 11 2019 10:21:40 by "rejava" with MS VC++ 10.0 (VS2010)

time: Mon Nov 25 20:17:51 2024
timezone: 中国标准时间
elapsed time: 3 seconds (0d 0h 0m 3s)

